2013/09/28 04:25:47 [error] [exception.CDbException] exception 'CDbException' with message 'CDbConnection failed to open the DB connection: could not find driver' in /home/www/yii/framework/db/CDbConnection.php:382
Stack trace:
#0 /home/www/yii/framework/db/CDbConnection.php(330): CDbConnection->open()
#1 /home/www/yii/framework/db/CDbConnection.php(308): CDbConnection->setActive(true)
#2 /home/www/yii/framework/base/CModule.php(387): CDbConnection->init()
#3 /home/www/yii/framework/base/CModule.php(103): CModule->getComponent('db')
#4 /home/www/yii/framework/gii/generators/model/ModelCode.php(60): CModule->__get('db')
#5 /home/www/yii/framework/web/CFormModel.php(39): ModelCode->init()
#6 /home/www/yii/framework/gii/CCodeGenerator.php(153): CFormModel->__construct()
#7 /home/www/yii/framework/gii/CCodeGenerator.php(63): CCodeGenerator->prepare()
#8 /home/www/yii/framework/web/actions/CInlineAction.php(49): CCodeGenerator->actionIndex()
#9 /home/www/yii/framework/web/CController.php(308): CInlineAction->runWithParams(Array)
#10 /home/www/yii/framework/web/CController.php(286): CController->runAction(Object(CInlineAction))
#11 /home/www/yii/framework/web/CController.php(265): CController->runActionWithFilters(Object(CInlineAction), Array)
#12 /home/www/yii/framework/web/CWebApplication.php(282): CController->run('index')
#13 /home/www/yii/framework/web/CWebApplication.php(141): CWebApplication->runController('gii/model/index')
#14 /home/www/yii/framework/base/CApplication.php(180): CWebApplication->processRequest()
#15 /home/www/yii/blog/index.php(13): CApplication->run()
#16 {main}
REQUEST_URI=/index.php?r=gii/model/index
HTTP_REFERER=http://local.blog/index.php?r=gii/default/index
---
2013/09/28 04:28:16 [error] [exception.CDbException] exception 'CDbException' with message 'CDbConnection failed to open the DB connection: could not find driver' in /home/www/yii/framework/db/CDbConnection.php:382
Stack trace:
#0 /home/www/yii/framework/db/CDbConnection.php(330): CDbConnection->open()
#1 /home/www/yii/framework/db/CDbConnection.php(308): CDbConnection->setActive(true)
#2 /home/www/yii/framework/base/CModule.php(387): CDbConnection->init()
#3 /home/www/yii/framework/base/CModule.php(103): CModule->getComponent('db')
#4 /home/www/yii/framework/gii/generators/model/ModelCode.php(60): CModule->__get('db')
#5 /home/www/yii/framework/web/CFormModel.php(39): ModelCode->init()
#6 /home/www/yii/framework/gii/CCodeGenerator.php(153): CFormModel->__construct()
#7 /home/www/yii/framework/gii/CCodeGenerator.php(63): CCodeGenerator->prepare()
#8 /home/www/yii/framework/web/actions/CInlineAction.php(49): CCodeGenerator->actionIndex()
#9 /home/www/yii/framework/web/CController.php(308): CInlineAction->runWithParams(Array)
#10 /home/www/yii/framework/web/CController.php(286): CController->runAction(Object(CInlineAction))
#11 /home/www/yii/framework/web/CController.php(265): CController->runActionWithFilters(Object(CInlineAction), Array)
#12 /home/www/yii/framework/web/CWebApplication.php(282): CController->run('index')
#13 /home/www/yii/framework/web/CWebApplication.php(141): CWebApplication->runController('gii/model/index')
#14 /home/www/yii/framework/base/CApplication.php(180): CWebApplication->processRequest()
#15 /home/www/yii/blog/index.php(13): CApplication->run()
#16 {main}
REQUEST_URI=/index.php?r=gii/model/index
HTTP_REFERER=http://local.blog/index.php?r=gii/default/index
---
2013/09/28 04:28:30 [error] [exception.CDbException] exception 'CDbException' with message 'CDbConnection failed to open the DB connection: could not find driver' in /home/www/yii/framework/db/CDbConnection.php:382
Stack trace:
#0 /home/www/yii/framework/db/CDbConnection.php(330): CDbConnection->open()
#1 /home/www/yii/framework/db/CDbConnection.php(308): CDbConnection->setActive(true)
#2 /home/www/yii/framework/base/CModule.php(387): CDbConnection->init()
#3 /home/www/yii/framework/base/CModule.php(103): CModule->getComponent('db')
#4 /home/www/yii/framework/gii/generators/model/ModelCode.php(60): CModule->__get('db')
#5 /home/www/yii/framework/web/CFormModel.php(39): ModelCode->init()
#6 /home/www/yii/framework/gii/CCodeGenerator.php(153): CFormModel->__construct()
#7 /home/www/yii/framework/gii/CCodeGenerator.php(63): CCodeGenerator->prepare()
#8 /home/www/yii/framework/web/actions/CInlineAction.php(49): CCodeGenerator->actionIndex()
#9 /home/www/yii/framework/web/CController.php(308): CInlineAction->runWithParams(Array)
#10 /home/www/yii/framework/web/CController.php(286): CController->runAction(Object(CInlineAction))
#11 /home/www/yii/framework/web/CController.php(265): CController->runActionWithFilters(Object(CInlineAction), Array)
#12 /home/www/yii/framework/web/CWebApplication.php(282): CController->run('index')
#13 /home/www/yii/framework/web/CWebApplication.php(141): CWebApplication->runController('gii/model/index')
#14 /home/www/yii/framework/base/CApplication.php(180): CWebApplication->processRequest()
#15 /home/www/yii/blog/index.php(13): CApplication->run()
#16 {main}
REQUEST_URI=/index.php?r=gii/model/index
HTTP_REFERER=http://local.blog/index.php?r=gii/default/index
---
2013/09/28 10:53:21 [error] [exception.CDbException] exception 'CDbException' with message 'CDbConnection failed to open the DB connection: could not find driver' in /home/www/yii/framework/db/CDbConnection.php:382
Stack trace:
#0 /home/www/yii/framework/db/CDbConnection.php(330): CDbConnection->open()
#1 /home/www/yii/framework/db/CDbConnection.php(308): CDbConnection->setActive(true)
#2 /home/www/yii/framework/base/CModule.php(387): CDbConnection->init()
#3 /home/www/yii/framework/base/CModule.php(103): CModule->getComponent('db')
#4 /home/www/yii/framework/gii/generators/model/ModelCode.php(60): CModule->__get('db')
#5 /home/www/yii/framework/web/CFormModel.php(39): ModelCode->init()
#6 /home/www/yii/framework/gii/CCodeGenerator.php(153): CFormModel->__construct()
#7 /home/www/yii/framework/gii/CCodeGenerator.php(63): CCodeGenerator->prepare()
#8 /home/www/yii/framework/web/actions/CInlineAction.php(49): CCodeGenerator->actionIndex()
#9 /home/www/yii/framework/web/CController.php(308): CInlineAction->runWithParams(Array)
#10 /home/www/yii/framework/web/CController.php(286): CController->runAction(Object(CInlineAction))
#11 /home/www/yii/framework/web/CController.php(265): CController->runActionWithFilters(Object(CInlineAction), Array)
#12 /home/www/yii/framework/web/CWebApplication.php(282): CController->run('index')
#13 /home/www/yii/framework/web/CWebApplication.php(141): CWebApplication->runController('gii/model/index')
#14 /home/www/yii/framework/base/CApplication.php(180): CWebApplication->processRequest()
#15 /home/www/yii/blog/index.php(13): CApplication->run()
#16 {main}
REQUEST_URI=/index.php?r=gii/model/index
HTTP_REFERER=http://local.blog/index.php?r=gii/default/index
---
2013/09/28 11:05:16 [error] [exception.CDbException] exception 'CDbException' with message 'CDbConnection failed to open the DB connection: SQLSTATE[42000] [1049] Unknown database 'blog'' in /home/www/yii/framework/db/CDbConnection.php:382
Stack trace:
#0 /home/www/yii/framework/db/CDbConnection.php(330): CDbConnection->open()
#1 /home/www/yii/framework/db/CDbConnection.php(308): CDbConnection->setActive(true)
#2 /home/www/yii/framework/base/CModule.php(387): CDbConnection->init()
#3 /home/www/yii/framework/base/CModule.php(103): CModule->getComponent('db')
#4 /home/www/yii/framework/gii/generators/model/ModelCode.php(60): CModule->__get('db')
#5 /home/www/yii/framework/web/CFormModel.php(39): ModelCode->init()
#6 /home/www/yii/framework/gii/CCodeGenerator.php(153): CFormModel->__construct()
#7 /home/www/yii/framework/gii/CCodeGenerator.php(63): CCodeGenerator->prepare()
#8 /home/www/yii/framework/web/actions/CInlineAction.php(49): CCodeGenerator->actionIndex()
#9 /home/www/yii/framework/web/CController.php(308): CInlineAction->runWithParams(Array)
#10 /home/www/yii/framework/web/CController.php(286): CController->runAction(Object(CInlineAction))
#11 /home/www/yii/framework/web/CController.php(265): CController->runActionWithFilters(Object(CInlineAction), Array)
#12 /home/www/yii/framework/web/CWebApplication.php(282): CController->run('index')
#13 /home/www/yii/framework/web/CWebApplication.php(141): CWebApplication->runController('gii/model/index')
#14 /home/www/yii/framework/base/CApplication.php(180): CWebApplication->processRequest()
#15 /home/www/yii/blog/index.php(13): CApplication->run()
#16 {main}
REQUEST_URI=/index.php?r=gii/model/index
HTTP_REFERER=http://local.blog/index.php?r=gii/default/index
---
2013/09/28 11:52:12 [error] [system.db.CDbCommand] CDbCommand::fetchAll() failed: SQLSTATE[42S02]: Base table or view not found: 1146 Table 'blog.tbl_post' doesn't exist. The SQL statement executed was: SHOW FULL COLUMNS FROM `tbl_post`.
in /home/www/yii/blog/index.php (13)
2013/09/29 12:58:56 [error] [system.db.CDbCommand] CDbCommand::fetchAll() failed: SQLSTATE[42S02]: Base table or view not found: 1146 Table 'blog.tbl_looup' doesn't exist. The SQL statement executed was: SHOW FULL COLUMNS FROM `tbl_looup`.
in /home/www/yii/blog/index.php (13)
